make all --print-data-base --no-builtin-variables --no-builtin-rules --question
# GNU Make 4.1
# Built for x86_64-pc-linux-gnu
# Copyright (C) 1988-2014 Free Software Foundation, Inc.
# License GPLv3+: GNU GPL version 3 or later <http://gnu.org/licenses/gpl.html>
# This is free software: you are free to change and redistribute it.
# There is NO WARRANTY, to the extent permitted by law.

# Make data base, printed on Tue Jun 28 23:13:21 2022

# Variables

# 'override' directive
GNUMAKEFLAGS := 
# automatic
<D = $(patsubst %/,%,$(dir $<))
# automatic
?F = $(notdir $?)
# environment
DESKTOP_SESSION = ubuntu
# default
.SHELLFLAGS := -c
# environment
XDG_SESSION_TYPE = x11
# environment
VSCODE_LOG_NATIVE = false
# automatic
?D = $(patsubst %/,%,$(dir $?))
# environment
IM_CONFIG_PHASE = 2
# automatic
@D = $(patsubst %/,%,$(dir $@))
# environment
XAUTHORITY = /run/user/1000/gdm/Xauthority
# environment
GDMSESSION = ubuntu
# environment
XMODIFIERS = @im=ibus
# makefile
CURDIR := /home/marvinh/projects/csme/psr_heci_app
# makefile
SHELL = /bin/sh
# makefile (from 'Makefile', line 34)
RM = rm
# makefile (from 'Makefile', line 5)
LOCAL_PATH := .
# environment
VSCODE_NLS_CONFIG = {"locale":"en-us","availableLanguages":{},"_languagePackSupport":true}
# environment
_ = /usr/share/code/code
# makefile (from 'Makefile', line 24)
CFLAGS := -g -I./src/include
# environment
socks_proxy = http://proxy-us.intel.com:1080
# environment
ftp_proxy = http://proxy-chain.intel.com:911
# environment
XDG_CONFIG_DIRS = /etc/xdg/xdg-ubuntu:/etc/xdg
# makefile (from 'Makefile', line 22)
INCLUDEDIR := ./src/include
# makefile (from 'Makefile', line 1)
MAKEFILE_LIST :=  Makefile
# automatic
@F = $(notdir $@)
# environment
GIO_LAUNCHED_DESKTOP_FILE = /usr/share/applications/code.desktop
# environment
QT_IM_MODULE = xim
# environment
USERNAME = marvinh
# makefile (from 'Makefile', line 25)
CXXFLAGS = -std=c++11 -Wall -g -I$(INCLUDEDIR)
# environment
XDG_DATA_DIRS = /usr/share/ubuntu:/usr/local/share/:/usr/share/:/var/lib/snapd/desktop
# environment
DBUS_SESSION_BUS_ADDRESS = unix:path=/run/user/1000/bus
# environment
VSCODE_VERBOSE_LOGGING = true
# environment
CLUTTER_IM_MODULE = xim
# environment
LESSOPEN = | /usr/bin/lesspipe %s
# environment
VSCODE_CWD = /home/marvinh
# default
MAKE_HOST := x86_64-pc-linux-gnu
# environment
NO_PROXY = intel.com,.intel.com,10.0.0.0/8,192.168.0.0/16,localhost,.local,127.0.0.0/8,172.16.0.0/12,134.134.0.0/16
# environment
GPG_AGENT_INFO = /run/user/1000/gnupg/S.gpg-agent:0:1
# makefile (from 'Makefile', line 30)
C_OBJ := ./obj/err_name.o ./obj/mei_dev.o
# environment
SESSION_MANAGER = local/hungyuan-desk:@/tmp/.ICE-unix/2514,unix/hungyuan-desk:/tmp/.ICE-unix/2514
# environment
XDG_RUNTIME_DIR = /run/user/1000
# environment
TEXTDOMAIN = im-config
# makefile (from 'Makefile', line 11)
AROPS = r
# makefile (from 'Makefile', line 8)
AR = ar
# environment
XDG_MENU_PREFIX = gnome-
# environment
VSCODE_LOG_STACK = false
# environment
all_proxy = proxy-us.intel.com:1080
# environment
PYENV_ROOT = /home/marvinh/.pyenv
# makefile (from 'Makefile', line 14)
LDFLAGS = -lheci_psr
# default
.FEATURES := target-specific order-only second-expansion else-if shortest-stem undefine oneshell archives jobserver output-sync check-symlink load
# makefile (from 'Makefile', line 10)
CCXX = g++
# environment
LS_COLORS = 
# environment
XDG_SESSION_DESKTOP = ubuntu
# environment
SSH_AUTH_SOCK = /run/user/1000/keyring/ssh
# environment
GIO_LAUNCHED_DESKTOP_FILE_PID = 17219
# automatic
%F = $(notdir $%)
# environment
HTTPS_PROXY = http://proxy-chain.intel.com:912
# environment
no_proxy = intel.com,.intel.com,localhost,127.0.0.1,10.0.0.0/8,192.168.0.0/16,172.16.0.0/12
# environment
GTK_IM_MODULE = ibus
# environment
VSCODE_PIPE_LOGGING = true
# environment
FTP_PROXY = http://proxy-us.intel.com:911
# environment
PWD = /home/marvinh/projects/csme/psr_heci_app
# environment
XDG_SEAT = seat0
# environment
SOCKS_PROXY = http://proxy-us.intel.com:1080
# environment
SSH_AGENT_PID = 2609
# environment
ORIGINAL_XDG_CURRENT_DESKTOP = ubuntu:GNOME
# environment
GTK_MODULES = gail:atk-bridge
# environment
VSCODE_AMD_ENTRYPOINT = vs/workbench/api/node/extensionHostProcess
# environment
HOME = /home/marvinh
# environment
LESSCLOSE = /usr/bin/lesspipe %s %s
# environment
VSCODE_CODE_CACHE_PATH = /home/marvinh/.config/Code/CachedData/4af164ea3a06f701fe3e89a2bcbb421d2026b68f
# environment
LOGNAME = marvinh
# environment
APPLICATION_INSIGHTS_NO_DIAGNOSTIC_CHANNEL = 1
# makefile (from 'Makefile', line 35)
DELOBJ = $(C_OBJ) $(CPP_OBJ)
# makefile (from 'Makefile', line 31)
CPP_OBJ := ./obj/psr_mei_read.o ./obj/psr_api.o
# environment
VSCODE_HANDLES_UNCAUGHT_ERRORS = true
# default
MAKE_VERSION := 4.1
# environment
GNOME_DESKTOP_SESSION_ID = this-is-deprecated
# automatic
^D = $(patsubst %/,%,$(dir $^))
# environment
XDG_VTNR = 2
# environment
MAKELEVEL := 0
# default
MAKE = $(MAKE_COMMAND)
# default
MAKECMDGOALS := all
# environment
PATH = /home/marvinh/.local/bin:/home/marvinh/.pyenv/shims:/home/marvinh/.pyenv/bin:/home/marvinh/projects/repo_setup:/home/marvinh/depot_tools:/home/marvinh/.local/bin:/usr/local/sbin:/usr/local/bin:/usr/sbin:/usr/bin:/sbin:/bin:/usr/games:/usr/local/games:/snap/bin
# environment
SHLVL = 1
# makefile (from 'Makefile', line 9)
CC = gcc
# environment
GNOME_SHELL_SESSION_MODE = ubuntu
# environment
VSCODE_IPC_HOOK_EXTHOST = /run/user/1000/vscode-ipc-7ed0df1c-777d-4cae-8331-9f06a1b17a68.sock
# environment
XDG_SESSION_ID = 3
# environment
USER = marvinh
# makefile
.DEFAULT_GOAL := all
# environment
XDG_CURRENT_DESKTOP = Unity
# automatic
%D = $(patsubst %/,%,$(dir $%))
# default
MAKE_COMMAND := make
# makefile (from 'Makefile', line 18)
C_EXT = .c
# makefile (from 'Makefile', line 23)
LIBDIR := .
# default
.VARIABLES := 
# automatic
*F = $(notdir $*)
# environment
VSCODE_IPC_HOOK = /run/user/1000/vscode-eafdb7be-1.68.0-main.sock
# makefile
MAKEFLAGS = pqrR
# environment
MFLAGS = -pqrR
# automatic
*D = $(patsubst %/,%,$(dir $*))
# automatic
+D = $(patsubst %/,%,$(dir $+))
# environment
GDK_BACKEND = x11
# automatic
+F = $(notdir $+)
# environment
NO_AT_BRIDGE = 1
# environment
HTTP_PROXY = http://proxy-chain.intel.com:911
# makefile (from 'Makefile', line 17)
APPNAME = psr_heci_app
# makefile (from 'Makefile', line 28)
C_SRC := ./src/err_name.c ./src/mei_dev.c
# environment
QT_ACCESSIBILITY = 1
# environment
DISPLAY = :1
# environment
TEXTDOMAINDIR = /usr/share/locale/
# default
MAKEFILES := 
# automatic
<F = $(notdir $<)
# makefile (from 'Makefile', line 19)
CPP_EXT = .cpp
# environment
https_proxy = http://proxy-chain.intel.com:912
# environment
ELECTRON_RUN_AS_NODE = 1
# makefile (from 'Makefile', line 21)
OBJDIR := ./obj
# environment
LC_ALL = C
# environment
QT4_IM_MODULE = xim
# environment
GJS_DEBUG_TOPICS = JS ERROR;JS LOG
# makefile (from 'Makefile', line 32)
LIBS := ./libheci_psr.a
# automatic
^F = $(notdir $^)
# default
SUFFIXES := 
# makefile (from 'Makefile', line 20)
SRCDIR := ./src
# environment
CHROME_DESKTOP = code-url-handler.desktop
# makefile (from 'Makefile', line 29)
CPP_SRC := ./src/psr_mei_read.cpp ./src/psr_api.cpp
# environment
WINDOWPATH = 2
# default
.INCLUDE_DIRS = /usr/include /usr/local/include /usr/include
# environment
GJS_DEBUG_OUTPUT = stderr
# default
.RECIPEPREFIX := 
# environment
http_proxy = http://proxy-chain.intel.com:911
# environment
LANG = C
# environment
VSCODE_PID = 17219
# variable set hash-table stats:
# Load=135/1024=13%, Rehash=0, Collisions=52/202=26%

# Pattern-specific Variable Values

# No pattern-specific variable values.

# Directories

# . (device 2050, inode 4478335): 8 files, no impossibilities.
 
# ./src (device 2050, inode 4478380): 7 files, no impossibilities.
# src (device 2050, inode 4478380): 7 files, no impossibilities.

# 22 files, no impossibilities in 3 directories.

# Implicit Rules

obj/%.o: src/%.cpp
#  recipe to execute (from 'Makefile', line 53):
	$(CCXX) $(CXXFLAGS) -o $@ -c $<

obj/%.o: src/%.c
#  recipe to execute (from 'Makefile', line 57):
	$(CC) $(CFLAGS) -o $@ -c $<

# 2 implicit rules, 0 (0.0%) terminal.

# Files

libheci_psr.a: obj/err_name.o obj/mei_dev.o
#  Implicit rule search has not been done.
#  Modification time never checked.
#  File has not been updated.
#  recipe to execute (from 'Makefile', line 49):
	$(AR) $(AROPS) $@ $^

all: psr_heci_app
#  Command line target.
#  Implicit rule search has been done.
#  File does not exist.
#  File has been updated.
#  Needs to be updated (-q is set).
# variable set hash-table stats:
# Load=0/32=0%, Rehash=0, Collisions=0/6=0%

psr_heci_app: obj/psr_mei_read.o obj/psr_api.o | libheci_psr.a
#  Implicit rule search has not been done.
#  File does not exist.
#  File has been updated.
#  Needs to be updated (-q is set).
# variable set hash-table stats:
# Load=0/32=0%, Rehash=0, Collisions=0/6=0%
#  recipe to execute (from 'Makefile', line 45):
	$(CCXX) $(CXXFLAGS) -o $@ $^ -L$(LIBDIR) $(LDFLAGS)

.PHONY: clean
#  Implicit rule search has not been done.
#  Modification time never checked.
#  File has not been updated.

# Not a target:
obj/psr_api.o:
#  Implicit rule search has not been done.
#  Modification time never checked.
#  File has not been updated.

# Not a target:
Makefile:
#  Implicit rule search has been done.
#  Last modified 2022-06-22 20:52:36.851651358
#  File has been updated.
#  Successfully updated.

# Not a target:
obj/mei_dev.o:
#  Implicit rule search has not been done.
#  Modification time never checked.
#  File has not been updated.

obj/psr_mei_read.o: src/psr_mei_read.cpp
#  Implicit rule search has been done.
#  Implicit/static pattern stem: 'psr_mei_read'
#  File does not exist.
#  File has been updated.
#  Needs to be updated (-q is set).
# automatic
# @ := obj/psr_mei_read.o
# automatic
# % := 
# automatic
# * := psr_mei_read
# automatic
# + := src/psr_mei_read.cpp
# automatic
# | := 
# automatic
# < := src/psr_mei_read.cpp
# automatic
# ^ := src/psr_mei_read.cpp
# automatic
# ? := src/psr_mei_read.cpp
# variable set hash-table stats:
# Load=8/32=25%, Rehash=0, Collisions=1/16=6%
#  recipe to execute (from 'Makefile', line 53):
	$(CCXX) $(CXXFLAGS) -o $@ -c $<

# Not a target:
obj/err_name.o:
#  Implicit rule search has not been done.
#  Modification time never checked.
#  File has not been updated.

# Not a target:
.DEFAULT:
#  Implicit rule search has not been done.
#  Modification time never checked.
#  File has not been updated.

clean:
#  Phony target (prerequisite of .PHONY).
#  Implicit rule search has not been done.
#  File does not exist.
#  File has not been updated.
#  recipe to execute (from 'Makefile', line 63):
	$(RM) $(DELOBJ) $(APPNAME) $(LIBS)

# Not a target:
src/psr_mei_read.cpp:
#  Implicit rule search has been done.
#  Last modified 2022-06-22 21:12:51.636218895
#  File has been updated.
#  Successfully updated.

# files hash-table stats:
# Load=13/1024=1%, Rehash=0, Collisions=0/37=0%
# VPATH Search Paths

# No 'vpath' search paths.

# No general ('VPATH' variable) search path.

# strcache buffers: 1 (0) / strings = 32 / storage = 326 B / avg = 10 B
# current buf: size = 8162 B / used = 326 B / count = 32 / avg = 10 B

# strcache performance: lookups = 50 / hit rate = 36%
# hash-table stats:
# Load=32/8192=0%, Rehash=0, Collisions=2/50=4%
# Finished Make data base on Tue Jun 28 23:13:21 2022

 
